<?xml version="1.0" encoding="UTF-8"?>
<testng-results ignored="0" total="1" passed="1" failed="0" skipped="0">
  <reporter-output>
  </reporter-output>
  <suite started-at="2025-10-02T17:21:27 IST" name="Default suite" finished-at="2025-10-02T17:23:55 IST" duration-ms="148644">
    <groups>
    </groups>
    <test started-at="2025-10-02T17:21:27 IST" name="Default test" finished-at="2025-10-02T17:23:55 IST" duration-ms="148644">
      <class name="pages.MavenGitJenkinsExecution">
        <test-method signature="samplegoogleTest()[pri:0, instance:pages.MavenGitJenkinsExecution@6bedbc4d]" started-at="2025-10-02T17:21:27 IST" name="samplegoogleTest" finished-at="2025-10-02T17:23:55 IST" duration-ms="148583" status="PASS">
          <reporter-output>
          </reporter-output>
        </test-method> <!-- samplegoogleTest -->
      </class> <!-- pages.MavenGitJenkinsExecution -->
    </test> <!-- Default test -->
  </suite> <!-- Default suite -->
</testng-results>
