<?xml version="1.0" encoding="UTF-8"?>
<testng-results ignored="0" total="1" passed="1" failed="0" skipped="0">
  <reporter-output>
  </reporter-output>
  <suite started-at="2025-10-02T21:17:03 IST" name="Default suite" finished-at="2025-10-02T21:17:36 IST" duration-ms="33455">
    <groups>
    </groups>
    <test started-at="2025-10-02T21:17:03 IST" name="Default test" finished-at="2025-10-02T21:17:36 IST" duration-ms="33455">
      <class name="pages.MavenGitJenkinsExecution">
        <test-method signature="samplegoogleTest()[pri:0, instance:pages.MavenGitJenkinsExecution@6c130c45]" started-at="2025-10-02T21:17:03 IST" name="samplegoogleTest" finished-at="2025-10-02T21:17:36 IST" duration-ms="33404" status="PASS">
          <reporter-output>
          </reporter-output>
        </test-method> <!-- samplegoogleTest -->
      </class> <!-- pages.MavenGitJenkinsExecution -->
    </test> <!-- Default test -->
  </suite> <!-- Default suite -->
</testng-results>
